\BOOKMARK [1][-]{section.1}{Einleitung}{}% 1
\BOOKMARK [1][-]{section.2}{Grundlagen}{}% 2
\BOOKMARK [2][-]{subsection.2.1}{Werkzeuge}{section.2}% 3
\BOOKMARK [3][-]{subsubsection.2.1.1}{Bildbearbeitung}{subsection.2.1}% 4
\BOOKMARK [3][-]{subsubsection.2.1.2}{Algorithmentest und Umsetzung}{subsection.2.1}% 5
\BOOKMARK [3][-]{subsubsection.2.1.3}{Programmierung}{subsection.2.1}% 6
\BOOKMARK [1][-]{section.3}{Erfassungsphase}{}% 7
\BOOKMARK [2][-]{subsection.3.1}{Szenenbeschreibung}{section.3}% 8
\BOOKMARK [3][-]{subsubsection.3.1.1}{Aufbau der Szene}{subsection.3.1}% 9
\BOOKMARK [3][-]{subsubsection.3.1.2}{Softwarespezifikation}{subsection.3.1}% 10
\BOOKMARK [3][-]{subsubsection.3.1.3}{Hardwarespezifikation}{subsection.3.1}% 11
\BOOKMARK [2][-]{subsection.3.2}{Bildaufnahme}{section.3}% 12
\BOOKMARK [1][-]{section.4}{Bildanalysephase}{}% 13
\BOOKMARK [2][-]{subsection.4.1}{Bildvorverarbeitung}{section.4}% 14
\BOOKMARK [2][-]{subsection.4.2}{Segmentierung}{section.4}% 15
\BOOKMARK [3][-]{subsubsection.4.2.1}{Pixelbasierte Segmentierung}{subsection.4.2}% 16
\BOOKMARK [4][-]{paragraph.4.2.1.1}{Schwellwertverfahren}{subsubsection.4.2.1}% 17
\BOOKMARK [4][-]{paragraph.4.2.1.2}{Musterklassifikation}{subsubsection.4.2.1}% 18
\BOOKMARK [4][-]{paragraph.4.2.1.3}{Spektralklassifikation}{subsubsection.4.2.1}% 19
\BOOKMARK [3][-]{subsubsection.4.2.2}{Kantenbasierte Segmentierung}{subsection.4.2}% 20
\BOOKMARK [4][-]{paragraph.4.2.2.1}{Einfacher Differenzoperator}{subsubsection.4.2.2}% 21
\BOOKMARK [4][-]{paragraph.4.2.2.2}{Roberts-Operator}{subsubsection.4.2.2}% 22
\BOOKMARK [4][-]{paragraph.4.2.2.3}{Prewitt-Operator}{subsubsection.4.2.2}% 23
\BOOKMARK [4][-]{paragraph.4.2.2.4}{Sobel-Operator}{subsubsection.4.2.2}% 24
\BOOKMARK [4][-]{paragraph.4.2.2.5}{Laplace-Operator}{subsubsection.4.2.2}% 25
\BOOKMARK [3][-]{subsubsection.4.2.3}{Regionenbasierte Segmentierung}{subsection.4.2}% 26
\BOOKMARK [4][-]{paragraph.4.2.3.1}{Region Growing}{subsubsection.4.2.3}% 27
\BOOKMARK [4][-]{paragraph.4.2.3.2}{Region Merging}{subsubsection.4.2.3}% 28
\BOOKMARK [4][-]{paragraph.4.2.3.3}{Region Splitting}{subsubsection.4.2.3}% 29
\BOOKMARK [4][-]{paragraph.4.2.3.4}{Split and Merge}{subsubsection.4.2.3}% 30
\BOOKMARK [4][-]{section*.26}{Clusteranalyse}{subsubsection.4.2.3}% 31
\BOOKMARK [4][-]{section*.27}{Pyramid Linking}{subsubsection.4.2.3}% 32
\BOOKMARK [3][-]{subsubsection.4.2.4}{Modellbasierte Segmentierung}{subsection.4.2}% 33
\BOOKMARK [4][-]{section*.28}{Watershed Transformation}{subsubsection.4.2.4}% 34
\BOOKMARK [4][-]{paragraph.4.2.4.2}{Hough Transformation}{subsubsection.4.2.4}% 35
\BOOKMARK [4][-]{paragraph.4.2.4.3}{Template Matching}{subsubsection.4.2.4}% 36
\BOOKMARK [3][-]{subsubsection.4.2.5}{Segmentierungsanwendung}{subsection.4.2}% 37
\BOOKMARK [1][-]{section.5}{Konturextraktion}{}% 38
\BOOKMARK [2][-]{subsection.5.1}{Richtungsketten}{section.5}% 39
\BOOKMARK [3][-]{subsubsection.5.1.1}{Radial Sweep}{subsection.5.1}% 40
\BOOKMARK [3][-]{subsubsection.5.1.2}{Moore Neighbor Tracing}{subsection.5.1}% 41
\BOOKMARK [2][-]{subsection.5.2}{Theo Pavlidis Algorithmus}{section.5}% 42
\BOOKMARK [2][-]{subsection.5.3}{Square Tracing}{section.5}% 43
\BOOKMARK [2][-]{subsection.5.4}{Konturexktrationsanwendung}{section.5}% 44
\BOOKMARK [1][-]{section.6}{Klassifikation mittels Fourier-Deskriptoren}{}% 45
\BOOKMARK [2][-]{subsection.6.1}{Fourier-Deskriptoren}{section.6}% 46
\BOOKMARK [2][-]{subsection.6.2}{Gegen\374berstellung von Fourier-Transformation und Curvature Scale Space}{section.6}% 47
\BOOKMARK [1][-]{section.7}{Implementierung}{}% 48
\BOOKMARK [2][-]{subsection.7.1}{Prototyp jav\137segment}{section.7}% 49
\BOOKMARK [3][-]{subsubsection.7.1.1}{Aufbau}{subsection.7.1}% 50
\BOOKMARK [3][-]{subsubsection.7.1.2}{Klassenimplementierung}{subsection.7.1}% 51
\BOOKMARK [4][-]{paragraph.7.1.2.1}{Segmentation}{subsubsection.7.1.2}% 52
\BOOKMARK [4][-]{paragraph.7.1.2.2}{GUIMain}{subsubsection.7.1.2}% 53
\BOOKMARK [4][-]{paragraph.7.1.2.3}{ImageManipulation}{subsubsection.7.1.2}% 54
\BOOKMARK [4][-]{paragraph.7.1.2.4}{ColorConverter}{subsubsection.7.1.2}% 55
\BOOKMARK [3][-]{subsubsection.7.1.3}{Resultat}{subsection.7.1}% 56
\BOOKMARK [2][-]{subsection.7.2}{Prototyp jav\137fourier}{section.7}% 57
\BOOKMARK [1][-]{section.8}{Resum\351}{}% 58
\BOOKMARK [1][-]{section.9}{Anhang}{}% 59
\BOOKMARK [1][-]{section.10}{Glossar}{}% 60
\BOOKMARK [1][-]{section.11}{Literaturverzeichnis}{}% 61
